This is pdfTeX, Version 3.14159265-2.6-1.40.19 (MiKTeX 2.9.6840) (preloaded format=pdflatex 2018.9.3)  25 NOV 2018 12:23
entering extended mode
**./rep.tex
(rep.tex
LaTeX2e <2018-04-01> patch level 5
(/home/himanshu/.miktex/texmfs/install/tex/latex/base/report.cls
Document Class: report 2014/09/29 v1.4h Standard LaTeX document class
(/home/himanshu/.miktex/texmfs/install/tex/latex/base/size10.clo
File: size10.clo 2014/09/29 v1.4h Standard LaTeX file (size option)
)
\c@part=\count80
\c@chapter=\count81
\c@section=\count82
\c@subsection=\count83
\c@subsubsection=\count84
\c@paragraph=\count85
\c@subparagraph=\count86
\c@figure=\count87
\c@table=\count88
\abovecaptionskip=\skip41
\belowcaptionskip=\skip42
\bibindent=\dimen102
)
(/home/himanshu/.miktex/texmfs/install/tex/latex/geometry/geometry.sty
Package: geometry 2018/04/16 v5.8 Page Geometry

(/home/himanshu/.miktex/texmfs/install/tex/latex/graphics/keyval.sty
Package: keyval 2014/10/28 v1.15 key=value parser (DPC)
\KV@toks@=\toks14
)
(/home/himanshu/.miktex/texmfs/install/tex/generic/oberdiek/ifpdf.sty
Package: ifpdf 2017/03/15 v3.2 Provides the ifpdf switch
)
(/home/himanshu/.miktex/texmfs/install/tex/generic/oberdiek/ifvtex.sty
Package: ifvtex 2016/05/16 v1.6 Detect VTeX and its facilities (HO)
Package ifvtex Info: VTeX not detected.
)
(/home/himanshu/.miktex/texmfs/install/tex/generic/ifxetex/ifxetex.sty
Package: ifxetex 2010/09/12 v0.6 Provides ifxetex conditional
)
\Gm@cnth=\count89
\Gm@cntv=\count90
\c@Gm@tempcnt=\count91
\Gm@bindingoffset=\dimen103
\Gm@wd@mp=\dimen104
\Gm@odd@mp=\dimen105
\Gm@even@mp=\dimen106
\Gm@layoutwidth=\dimen107
\Gm@layoutheight=\dimen108
\Gm@layouthoffset=\dimen109
\Gm@layoutvoffset=\dimen110
\Gm@dimlist=\toks15

(/home/himanshu/.miktex/texmfs/install/tex/latex/geometry/geometry.cfg))
(/home/himanshu/.miktex/texmfs/install/tex/latex/graphics/graphicx.sty
Package: graphicx 2017/06/01 v1.1a Enhanced LaTeX Graphics (DPC,SPQR)

(/home/himanshu/.miktex/texmfs/install/tex/latex/graphics/graphics.sty
Package: graphics 2017/06/25 v1.2c Standard LaTeX Graphics (DPC,SPQR)

(/home/himanshu/.miktex/texmfs/install/tex/latex/graphics/trig.sty
Package: trig 2016/01/03 v1.10 sin cos tan (DPC)
)
(/home/himanshu/.miktex/texmfs/install/tex/latex/graphics-cfg/graphics.cfg
File: graphics.cfg 2016/06/04 v1.11 sample graphics configuration
)
Package graphics Info: Driver file: pdftex.def on input line 99.

(/home/himanshu/.miktex/texmfs/install/tex/latex/graphics-def/pdftex.def
File: pdftex.def 2018/01/08 v1.0l Graphics/color driver for pdftex
))
\Gin@req@height=\dimen111
\Gin@req@width=\dimen112
)
(/home/himanshu/.miktex/texmfs/install/tex/latex/float/float.sty
Package: float 2001/11/08 v1.3d Float enhancements (AL)
\c@float@type=\count92
\float@exts=\toks16
\float@box=\box26
\@float@everytoks=\toks17
\@floatcapt=\box27
)
(/home/himanshu/.miktex/texmfs/install/tex/latex/amsmath/amsmath.sty
Package: amsmath 2017/09/02 v2.17a AMS math features
\@mathmargin=\skip43

For additional information on amsmath, use the `?' option.
(/home/himanshu/.miktex/texmfs/install/tex/latex/amsmath/amstext.sty
Package: amstext 2000/06/29 v2.01 AMS text

(/home/himanshu/.miktex/texmfs/install/tex/latex/amsmath/amsgen.sty
File: amsgen.sty 1999/11/30 v2.0 generic functions
\@emptytoks=\toks18
\ex@=\dimen113
))
(/home/himanshu/.miktex/texmfs/install/tex/latex/amsmath/amsbsy.sty
Package: amsbsy 1999/11/29 v1.2d Bold Symbols
\pmbraise@=\dimen114
)
(/home/himanshu/.miktex/texmfs/install/tex/latex/amsmath/amsopn.sty
Package: amsopn 2016/03/08 v2.02 operator names
)
\inf@bad=\count93
LaTeX Info: Redefining \frac on input line 213.
\uproot@=\count94
\leftroot@=\count95
LaTeX Info: Redefining \overline on input line 375.
\classnum@=\count96
\DOTSCASE@=\count97
LaTeX Info: Redefining \ldots on input line 472.
LaTeX Info: Redefining \dots on input line 475.
LaTeX Info: Redefining \cdots on input line 596.
\Mathstrutbox@=\box28
\strutbox@=\box29
\big@size=\dimen115
LaTeX Font Info:    Redeclaring font encoding OML on input line 712.
LaTeX Font Info:    Redeclaring font encoding OMS on input line 713.
\macc@depth=\count98
\c@MaxMatrixCols=\count99
\dotsspace@=\muskip10
\c@parentequation=\count100
\dspbrk@lvl=\count101
\tag@help=\toks19
\row@=\count102
\column@=\count103
\maxfields@=\count104
\andhelp@=\toks20
\eqnshift@=\dimen116
\alignsep@=\dimen117
\tagshift@=\dimen118
\tagwidth@=\dimen119
\totwidth@=\dimen120
\lineht@=\dimen121
\@envbody=\toks21
\multlinegap=\skip44
\multlinetaggap=\skip45
\mathdisplay@stack=\toks22
LaTeX Info: Redefining \[ on input line 2817.
LaTeX Info: Redefining \] on input line 2818.
)
(/home/himanshu/.miktex/texmfs/install/tex/latex/algorithms/algorithm.sty
Package: algorithm 2009/08/24 v0.1 Document Style `algorithm' - floating enviro
nment

(/home/himanshu/.miktex/texmfs/install/tex/latex/base/ifthen.sty
Package: ifthen 2014/09/29 v1.1c Standard LaTeX ifthen package (DPC)
)
\@float@every@algorithm=\toks23
\c@algorithm=\count105
)
(/home/himanshu/.miktex/texmfs/install/tex/latex/algorithmicx/algpseudocode.sty
Package: algpseudocode 
(/home/himanshu/.miktex/texmfs/install/tex/latex/algorithmicx/algorithmicx.sty
Package: algorithmicx 2005/04/27 v1.2 Algorithmicx

Document Style algorithmicx 1.2 - a greatly improved `algorithmic' style
\c@ALG@line=\count106
\c@ALG@rem=\count107
\c@ALG@nested=\count108
\ALG@tlm=\skip46
\ALG@thistlm=\skip47
\c@ALG@Lnr=\count109
\c@ALG@blocknr=\count110
\c@ALG@storecount=\count111
\c@ALG@tmpcounter=\count112
\ALG@tmplength=\skip48
)
Document Style - pseudocode environments for use with the `algorithmicx' style
) (/home/himanshu/.miktex/texmfs/install/tex/latex/fourier/fourier-orns.sty
Package: fourier-orns 2004/01/30 1.1 fourier-ornaments package
)
(rep.aux)
\openout1 = `rep.aux'.

LaTeX Font Info:    Checking defaults for OML/cmm/m/it on input line 14.
LaTeX Font Info:    ... okay on input line 14.
LaTeX Font Info:    Checking defaults for T1/cmr/m/n on input line 14.
LaTeX Font Info:    ... okay on input line 14.
LaTeX Font Info:    Checking defaults for OT1/cmr/m/n on input line 14.
LaTeX Font Info:    ... okay on input line 14.
LaTeX Font Info:    Checking defaults for OMS/cmsy/m/n on input line 14.
LaTeX Font Info:    ... okay on input line 14.
LaTeX Font Info:    Checking defaults for OMX/cmex/m/n on input line 14.
LaTeX Font Info:    ... okay on input line 14.
LaTeX Font Info:    Checking defaults for U/cmr/m/n on input line 14.
LaTeX Font Info:    ... okay on input line 14.

*geometry* driver: auto-detecting
*geometry* detected driver: pdftex
*geometry* verbose mode - [ preamble ] result:
* driver: pdftex
* paper: <default>
* layout: <same size as paper>
* layoutoffset:(h,v)=(0.0pt,0.0pt)
* modes: 
* h-part:(L,W,R)=(57.81621pt, 498.66258pt, 57.81621pt)
* v-part:(T,H,B)=(57.81621pt, 679.33757pt, 57.81621pt)
* \paperwidth=614.295pt
* \paperheight=794.96999pt
* \textwidth=498.66258pt
* \textheight=679.33757pt
* \oddsidemargin=-14.45378pt
* \evensidemargin=-14.45378pt
* \topmargin=-51.45378pt
* \headheight=12.0pt
* \headsep=25.0pt
* \topskip=10.0pt
* \footskip=30.0pt
* \marginparwidth=65.0pt
* \marginparsep=11.0pt
* \columnsep=10.0pt
* \skip\footins=9.0pt plus 4.0pt minus 2.0pt
* \hoffset=0.0pt
* \voffset=0.0pt
* \mag=1000
* \@twocolumnfalse
* \@twosidefalse
* \@mparswitchfalse
* \@reversemarginfalse
* (1in=72.27pt=25.4mm, 1cm=28.453pt)

(/home/himanshu/.miktex/texmfs/install/tex/context/base/supp-pdf.mkii
[Loading MPS to PDF converter (version 2006.09.02).]
\scratchcounter=\count113
\scratchdimen=\dimen122
\scratchbox=\box30
\nofMPsegments=\count114
\nofMParguments=\count115
\everyMPshowfont=\toks24
\MPscratchCnt=\count116
\MPscratchDim=\dimen123
\MPnumerator=\count117
\makeMPintoPDFobject=\count118
\everyMPtoPDFconversion=\toks25
) (/home/himanshu/.miktex/texmfs/install/tex/latex/oberdiek/epstopdf-base.sty
Package: epstopdf-base 2016/05/15 v2.6 Base part for package epstopdf

(/home/himanshu/.miktex/texmfs/install/tex/generic/oberdiek/infwarerr.sty
Package: infwarerr 2016/05/16 v1.4 Providing info/warning/error messages (HO)
)
(/home/himanshu/.miktex/texmfs/install/tex/latex/oberdiek/grfext.sty
Package: grfext 2016/05/16 v1.2 Manage graphics extensions (HO)

(/home/himanshu/.miktex/texmfs/install/tex/generic/oberdiek/kvdefinekeys.sty
Package: kvdefinekeys 2016/05/16 v1.4 Define keys (HO)

(/home/himanshu/.miktex/texmfs/install/tex/generic/oberdiek/ltxcmds.sty
Package: ltxcmds 2016/05/16 v1.23 LaTeX kernel commands for general use (HO)
)))
(/home/himanshu/.miktex/texmfs/install/tex/latex/oberdiek/kvoptions.sty
Package: kvoptions 2016/05/16 v3.12 Key value format for package options (HO)

(/home/himanshu/.miktex/texmfs/install/tex/generic/oberdiek/kvsetkeys.sty
Package: kvsetkeys 2016/05/16 v1.17 Key value parser (HO)

(/home/himanshu/.miktex/texmfs/install/tex/generic/oberdiek/etexcmds.sty
Package: etexcmds 2016/05/16 v1.6 Avoid name clashes with e-TeX commands (HO)

(/home/himanshu/.miktex/texmfs/install/tex/generic/oberdiek/ifluatex.sty
Package: ifluatex 2016/05/16 v1.4 Provides the ifluatex switch (HO)
Package ifluatex Info: LuaTeX not detected.
)
Package etexcmds Info: Could not find \expanded.
(etexcmds)             That can mean that you are not using pdfTeX 1.50 or
(etexcmds)             that some package has redefined \expanded.
(etexcmds)             In the latter case, load this package earlier.
)))
(/home/himanshu/.miktex/texmfs/install/tex/generic/oberdiek/pdftexcmds.sty
Package: pdftexcmds 2018/01/30 v0.27 Utility functions of pdfTeX for LuaTeX (HO
)
Package pdftexcmds Info: LuaTeX not detected.
Package pdftexcmds Info: \pdf@primitive is available.
Package pdftexcmds Info: \pdf@ifprimitive is available.
Package pdftexcmds Info: \pdfdraftmode found.
)
Package epstopdf-base Info: Redefining graphics rule for `.eps' on input line 4
38.
Package grfext Info: Graphics extension search list:
(grfext)             [.pdf,.png,.jpg,.mps,.jpeg,.jbig2,.jb2,.PDF,.PNG,.JPG,.JPE
G,.JBIG2,.JB2,.eps]
(grfext)             \AppendGraphicsExtensions on input line 456.
)
[1

{/home/himanshu/.miktex/texmfs/data/pdftex/config/pdftex.map}]
<images/desktop.jpg, id=8, 1371.1225pt x 770.88pt>
File: images/desktop.jpg Graphic file (type jpg)
<use images/desktop.jpg>
Package pdftex.def Info: images/desktop.jpg  used on input line 34.
(pdftex.def)             Requested size: 249.33128pt x 140.17569pt.
 [1]
<images/plane1.png, id=21, 1371.1225pt x 770.88pt>
File: images/plane1.png Graphic file (type png)
<use images/plane1.png>
Package pdftex.def Info: images/plane1.png  used on input line 41.
(pdftex.def)             Requested size: 229.38812pt x 128.96587pt.
<images/plane8.png, id=22, 1371.1225pt x 770.88pt>
File: images/plane8.png Graphic file (type png)
<use images/plane8.png>
Package pdftex.def Info: images/plane8.png  used on input line 46.
(pdftex.def)             Requested size: 229.38812pt x 128.96587pt.
<images/1.png, id=23, 1371.1225pt x 770.88pt>
File: images/1.png Graphic file (type png)
<use images/1.png>
Package pdftex.def Info: images/1.png  used on input line 58.
(pdftex.def)             Requested size: 229.38812pt x 128.96587pt.
<images/2.png, id=24, 1371.1225pt x 770.88pt>
File: images/2.png Graphic file (type png)
<use images/2.png>
Package pdftex.def Info: images/2.png  used on input line 63.
(pdftex.def)             Requested size: 229.38812pt x 128.96587pt.
<images/3.png, id=25, 1371.1225pt x 770.88pt>
File: images/3.png Graphic file (type png)
<use images/3.png>
Package pdftex.def Info: images/3.png  used on input line 68.
(pdftex.def)             Requested size: 229.38812pt x 128.96587pt.
<images/4.png, id=26, 1371.1225pt x 770.88pt>
File: images/4.png Graphic file (type png)
<use images/4.png>
Package pdftex.def Info: images/4.png  used on input line 73.
(pdftex.def)             Requested size: 229.38812pt x 128.96587pt.
<images/5.png, id=27, 1371.1225pt x 770.88pt>
File: images/5.png Graphic file (type png)
<use images/5.png>
Package pdftex.def Info: images/5.png  used on input line 78.
(pdftex.def)             Requested size: 229.38812pt x 128.96587pt.
<images/6.png, id=28, 1371.1225pt x 770.88pt>
File: images/6.png Graphic file (type png)
<use images/6.png>
Package pdftex.def Info: images/6.png  used on input line 83.
(pdftex.def)             Requested size: 229.38812pt x 128.96587pt.
<images/7.png, id=29, 1371.1225pt x 770.88pt>
File: images/7.png Graphic file (type png)
<use images/7.png>
Package pdftex.def Info: images/7.png  used on input line 88.
(pdftex.def)             Requested size: 229.38812pt x 128.96587pt.
<images/8.png, id=30, 1371.1225pt x 770.88pt>
File: images/8.png Graphic file (type png)
<use images/8.png>
Package pdftex.def Info: images/8.png  used on input line 93.
(pdftex.def)             Requested size: 229.38812pt x 128.96587pt.
 [2 <./images/desktop.jpg> <./images/plane1.png (PNG copy)> <./images/plane8.pn
g (PNG copy)>] [3 <./images/1.png (PNG copy)> <./images/2.png (PNG copy)> <./im
ages/3.png (PNG copy)> <./images/4.png (PNG copy)> <./images/5.png (PNG copy)> 
<./images/6.png (PNG copy)> <./images/7.png (PNG copy)> <./images/8.png (PNG co
py)>]
[4]
Underfull \hbox (badness 10000) in paragraph at lines 134--135

 []

[5]
Underfull \hbox (badness 10000) in paragraph at lines 172--173

 []

<images/konsole.png, id=46, 665.48625pt x 404.51125pt>
File: images/konsole.png Graphic file (type png)
<use images/konsole.png>
Package pdftex.def Info: images/konsole.png  used on input line 198.
(pdftex.def)             Requested size: 229.38812pt x 139.42691pt.
<images/konsole-stego.png, id=47, 665.48625pt x 404.51125pt>
File: images/konsole-stego.png Graphic file (type png)
<use images/konsole-stego.png>
Package pdftex.def Info: images/konsole-stego.png  used on input line 203.
(pdftex.def)             Requested size: 229.38812pt x 139.42691pt.
[6 <./images/konsole.png (PNG copy)> <./images/konsole-stego.png>]
Underfull \hbox (badness 10000) in paragraph at lines 218--219

 []


Overfull \hbox (3.94011pt too wide) in paragraph at lines 231--232
\OT1/cmr/m/n/10 (refer the paper) suggested in the paper were not implemented p
recisely. Instead, a linear form of steganography
 []

<images/lenna.png, id=52, 513.92pt x 513.92pt>
File: images/lenna.png Graphic file (type png)
<use images/lenna.png>
Package pdftex.def Info: images/lenna.png  used on input line 238.
(pdftex.def)             Requested size: 160.57098pt x 160.56822pt.
<images/stego-lenna.png, id=53, 501.875pt x 501.875pt>
File: images/stego-lenna.png Graphic file (type png)
<use images/stego-lenna.png>
Package pdftex.def Info: images/stego-lenna.png  used on input line 244.
(pdftex.def)             Requested size: 160.57098pt x 160.57265pt.
<images/covermsb.png, id=54, 513.92pt x 513.92pt>
File: images/covermsb.png Graphic file (type png)
<use images/covermsb.png>
Package pdftex.def Info: images/covermsb.png  used on input line 253.
(pdftex.def)             Requested size: 160.57098pt x 160.56822pt.
<images/coverlsb.png, id=55, 513.92pt x 513.92pt>
File: images/coverlsb.png Graphic file (type png)
<use images/coverlsb.png>
Package pdftex.def Info: images/coverlsb.png  used on input line 259.
(pdftex.def)             Requested size: 160.57098pt x 160.56822pt.
[7 <./images/lenna.png> <./images/stego-lenna.png (PNG copy)>]
<images/stegomsb.png, id=59, 501.875pt x 501.875pt>
File: images/stegomsb.png Graphic file (type png)
<use images/stegomsb.png>
Package pdftex.def Info: images/stegomsb.png  used on input line 268.
(pdftex.def)             Requested size: 160.57098pt x 160.57265pt.
<images/stegolsb.png, id=60, 501.875pt x 501.875pt>
File: images/stegolsb.png Graphic file (type png)
<use images/stegolsb.png>
Package pdftex.def Info: images/stegolsb.png  used on input line 274.
(pdftex.def)             Requested size: 160.57098pt x 160.57265pt.
LaTeX Font Info:    Try loading font information for U+futs on input line 281.

(/home/himanshu/.miktex/texmfs/install/tex/latex/fourier/ufuts.fd
File: ufuts.fd 2004/03/26 Fontinst v1.926 font definitions for U/futs.
) [8 <./images/covermsb.png (PNG copy)> <./images/coverlsb.png (PNG copy)> <./i
mages/stegomsb.png (PNG copy)> <./images/stegolsb.png (PNG copy)>] (rep.aux) ) 
Here is how much of TeX's memory you used:
 3355 strings out of 494891
 47468 string characters out of 3178494
 119804 words of memory out of 3000000
 6908 multiletter control sequences out of 15000+200000
 11064 words of font info for 42 fonts, out of 3000000 for 9000
 0 hyphenation exceptions out of 8191
 41i,12n,32p,2998b,283s stack positions out of 5000i,500n,10000p,200000b,50000s
<
/home/himanshu/.miktex/texmfs/install/fonts/type1/public/amsfonts/cm/cmbx10.pfb
></home/himanshu/.miktex/texmfs/install/fonts/type1/public/amsfonts/cm/cmbx12.p
fb></home/himanshu/.miktex/texmfs/install/fonts/type1/public/amsfonts/cm/cmcsc1
0.pfb></home/himanshu/.miktex/texmfs/install/fonts/type1/public/amsfonts/cm/cme
x10.pfb></home/himanshu/.miktex/texmfs/install/fonts/type1/public/amsfonts/cm/c
mmi10.pfb></home/himanshu/.miktex/texmfs/install/fonts/type1/public/amsfonts/cm
/cmmi7.pfb></home/himanshu/.miktex/texmfs/install/fonts/type1/public/amsfonts/c
m/cmr10.pfb></home/himanshu/.miktex/texmfs/install/fonts/type1/public/amsfonts/
cm/cmr12.pfb></home/himanshu/.miktex/texmfs/install/fonts/type1/public/amsfonts
/cm/cmr7.pfb></home/himanshu/.miktex/texmfs/install/fonts/type1/public/amsfonts
/cm/cmr8.pfb></home/himanshu/.miktex/texmfs/install/fonts/type1/public/amsfonts
/cm/cmsy10.pfb></home/himanshu/.miktex/texmfs/install/fonts/type1/public/amsfon
ts/cm/cmsy5.pfb></home/himanshu/.miktex/texmfs/install/fonts/type1/public/amsfo
nts/cm/cmsy7.pfb></home/himanshu/.miktex/texmfs/install/fonts/type1/public/amsf
onts/cm/cmti10.pfb></home/himanshu/.miktex/texmfs/install/fonts/type1/public/am
sfonts/cm/cmtt10.pfb></home/himanshu/.miktex/texmfs/install/fonts/type1/public/
fourier/fourier-orns.pfb>
Output written on rep.pdf (9 pages, 2983320 bytes).
PDF statistics:
 115 PDF objects out of 1000 (max. 8388607)
 0 named destinations out of 1000 (max. 500000)
 96 words of extra memory for PDF output out of 10000 (max. 10000000)

